This is pdfTeX, Version 3.14159265-2.6-1.40.20 (MiKTeX 2.9.7140 64-bit) (preloaded format=pdflatex 2019.9.15)  17 OCT 2019 20:18
entering extended mode
**&pdflatex mylatexformat.ltx preamble.tex

("C:\Users\denni\AppData\Local\Programs\MiKTeX 2.9\tex/latex/mylatexformat\myla
texformat.ltx"
LaTeX2e <2018-12-01>
) (preamble.tex
("C:\Users\denni\AppData\Local\Programs\MiKTeX 2.9\tex/latex/base\article.cls"
Document Class: article 2018/09/03 v1.4i Standard LaTeX document class
("C:\Users\denni\AppData\Local\Programs\MiKTeX 2.9\tex/latex/base\size10.clo"
File: size10.clo 2018/09/03 v1.4i Standard LaTeX file (size option)
)
\c@part=\count80
\c@section=\count81
\c@subsection=\count82
\c@subsubsection=\count83
\c@paragraph=\count84
\c@subparagraph=\count85
\c@figure=\count86
\c@table=\count87
\abovecaptionskip=\skip41
\belowcaptionskip=\skip42
\bibindent=\dimen102
) ("C:\Users\denni\AppData\Local\Programs\MiKTeX 2.9\tex/latex/base\fontenc.sty
"
Package: fontenc 2018/08/11 v2.0j Standard LaTeX package
("C:\Users\denni\AppData\Local\Programs\MiKTeX 2.9\tex/latex/base\t1enc.def"
File: t1enc.def 2018/08/11 v2.0j Standard LaTeX file
LaTeX Font Info:    Redeclaring font encoding T1 on input line 48.
))
("C:\Users\denni\AppData\Local\Programs\MiKTeX 2.9\tex/latex/base\inputenc.sty"
Package: inputenc 2018/08/11 v1.3c Input encoding file
\inpenc@prehook=\toks14
\inpenc@posthook=\toks15
) ("C:\Users\denni\AppData\Local\Programs\MiKTeX 2.9\tex/latex/lm\lmodern.sty"
Package: lmodern 2009/10/30 v1.6 Latin Modern Fonts
LaTeX Font Info:    Overwriting symbol font `operators' in version `normal'
(Font)                  OT1/cmr/m/n --> OT1/lmr/m/n on input line 22.
LaTeX Font Info:    Overwriting symbol font `letters' in version `normal'
(Font)                  OML/cmm/m/it --> OML/lmm/m/it on input line 23.
LaTeX Font Info:    Overwriting symbol font `symbols' in version `normal'
(Font)                  OMS/cmsy/m/n --> OMS/lmsy/m/n on input line 24.
LaTeX Font Info:    Overwriting symbol font `largesymbols' in version `normal'
(Font)                  OMX/cmex/m/n --> OMX/lmex/m/n on input line 25.
LaTeX Font Info:    Overwriting symbol font `operators' in version `bold'
(Font)                  OT1/cmr/bx/n --> OT1/lmr/bx/n on input line 26.
LaTeX Font Info:    Overwriting symbol font `letters' in version `bold'
(Font)                  OML/cmm/b/it --> OML/lmm/b/it on input line 27.
LaTeX Font Info:    Overwriting symbol font `symbols' in version `bold'
(Font)                  OMS/cmsy/b/n --> OMS/lmsy/b/n on input line 28.
LaTeX Font Info:    Overwriting symbol font `largesymbols' in version `bold'
(Font)                  OMX/cmex/m/n --> OMX/lmex/m/n on input line 29.
LaTeX Font Info:    Overwriting math alphabet `\mathbf' in version `normal'
(Font)                  OT1/cmr/bx/n --> OT1/lmr/bx/n on input line 31.
LaTeX Font Info:    Overwriting math alphabet `\mathsf' in version `normal'
(Font)                  OT1/cmss/m/n --> OT1/lmss/m/n on input line 32.
LaTeX Font Info:    Overwriting math alphabet `\mathit' in version `normal'
(Font)                  OT1/cmr/m/it --> OT1/lmr/m/it on input line 33.
LaTeX Font Info:    Overwriting math alphabet `\mathtt' in version `normal'
(Font)                  OT1/cmtt/m/n --> OT1/lmtt/m/n on input line 34.
LaTeX Font Info:    Overwriting math alphabet `\mathbf' in version `bold'
(Font)                  OT1/cmr/bx/n --> OT1/lmr/bx/n on input line 35.
LaTeX Font Info:    Overwriting math alphabet `\mathsf' in version `bold'
(Font)                  OT1/cmss/bx/n --> OT1/lmss/bx/n on input line 36.
LaTeX Font Info:    Overwriting math alphabet `\mathit' in version `bold'
(Font)                  OT1/cmr/bx/it --> OT1/lmr/bx/it on input line 37.
LaTeX Font Info:    Overwriting math alphabet `\mathtt' in version `bold'
(Font)                  OT1/cmtt/m/n --> OT1/lmtt/m/n on input line 38.
) ("C:\Users\denni\AppData\Local\Programs\MiKTeX 2.9\tex/latex/base\textcomp.st
y"
Package: textcomp 2018/08/11 v2.0j Standard LaTeX package
Package textcomp Info: Sub-encoding information:
(textcomp)               5 = only ISO-Adobe without \textcurrency
(textcomp)               4 = 5 + \texteuro
(textcomp)               3 = 4 + \textohm
(textcomp)               2 = 3 + \textestimated + \textcurrency
(textcomp)               1 = TS1 - \textcircled - \t
(textcomp)               0 = TS1 (full)
(textcomp)             Font families with sub-encoding setting implement
(textcomp)             only a restricted character set as indicated.
(textcomp)             Family '?' is the default used for unknown fonts.
(textcomp)             See the documentation for details.
Package textcomp Info: Setting ? sub-encoding to TS1/1 on input line 79.
 ("C:\Users\denni\AppData\Local\Programs\MiKTeX 2.9\tex/latex/base\ts1enc.def"
File: ts1enc.def 2001/06/05 v3.0e (jk/car/fm) Standard LaTeX file
Now handling font encoding TS1 ...
... processing UTF-8 mapping file for font encoding TS1
("C:\Users\denni\AppData\Local\Programs\MiKTeX 2.9\tex/latex/base\ts1enc.dfu"
File: ts1enc.dfu 2018/10/05 v1.2f UTF-8 support for inputenc
   defining Unicode char U+00A2 (decimal 162)
   defining Unicode char U+00A3 (decimal 163)
   defining Unicode char U+00A4 (decimal 164)
   defining Unicode char U+00A5 (decimal 165)
   defining Unicode char U+00A6 (decimal 166)
   defining Unicode char U+00A7 (decimal 167)
   defining Unicode char U+00A8 (decimal 168)
   defining Unicode char U+00A9 (decimal 169)
   defining Unicode char U+00AA (decimal 170)
   defining Unicode char U+00AC (decimal 172)
   defining Unicode char U+00AE (decimal 174)
   defining Unicode char U+00AF (decimal 175)
   defining Unicode char U+00B0 (decimal 176)
   defining Unicode char U+00B1 (decimal 177)
   defining Unicode char U+00B2 (decimal 178)
   defining Unicode char U+00B3 (decimal 179)
   defining Unicode char U+00B4 (decimal 180)
   defining Unicode char U+00B5 (decimal 181)
   defining Unicode char U+00B6 (decimal 182)
   defining Unicode char U+00B7 (decimal 183)
   defining Unicode char U+00B9 (decimal 185)
   defining Unicode char U+00BA (decimal 186)
   defining Unicode char U+00BC (decimal 188)
   defining Unicode char U+00BD (decimal 189)
   defining Unicode char U+00BE (decimal 190)
   defining Unicode char U+00D7 (decimal 215)
   defining Unicode char U+00F7 (decimal 247)
   defining Unicode char U+0192 (decimal 402)
   defining Unicode char U+02C7 (decimal 711)
   defining Unicode char U+02D8 (decimal 728)
   defining Unicode char U+02DD (decimal 733)
   defining Unicode char U+0E3F (decimal 3647)
   defining Unicode char U+2016 (decimal 8214)
   defining Unicode char U+2020 (decimal 8224)
   defining Unicode char U+2021 (decimal 8225)
   defining Unicode char U+2022 (decimal 8226)
   defining Unicode char U+2030 (decimal 8240)
   defining Unicode char U+2031 (decimal 8241)
   defining Unicode char U+203B (decimal 8251)
   defining Unicode char U+203D (decimal 8253)
   defining Unicode char U+2044 (decimal 8260)
   defining Unicode char U+204E (decimal 8270)
   defining Unicode char U+2052 (decimal 8274)
   defining Unicode char U+20A1 (decimal 8353)
   defining Unicode char U+20A4 (decimal 8356)
   defining Unicode char U+20A6 (decimal 8358)
   defining Unicode char U+20A9 (decimal 8361)
   defining Unicode char U+20AB (decimal 8363)
   defining Unicode char U+20AC (decimal 8364)
   defining Unicode char U+20B1 (decimal 8369)
   defining Unicode char U+2103 (decimal 8451)
   defining Unicode char U+2116 (decimal 8470)
   defining Unicode char U+2117 (decimal 8471)
   defining Unicode char U+211E (decimal 8478)
   defining Unicode char U+2120 (decimal 8480)
   defining Unicode char U+2122 (decimal 8482)
   defining Unicode char U+2126 (decimal 8486)
   defining Unicode char U+2127 (decimal 8487)
   defining Unicode char U+212E (decimal 8494)
   defining Unicode char U+2190 (decimal 8592)
   defining Unicode char U+2191 (decimal 8593)
   defining Unicode char U+2192 (decimal 8594)
   defining Unicode char U+2193 (decimal 8595)
   defining Unicode char U+2329 (decimal 9001)
   defining Unicode char U+232A (decimal 9002)
   defining Unicode char U+2422 (decimal 9250)
   defining Unicode char U+25E6 (decimal 9702)
   defining Unicode char U+25EF (decimal 9711)
   defining Unicode char U+266A (decimal 9834)
   defining Unicode char U+FEFF (decimal 65279)
))
LaTeX Info: Redefining \oldstylenums on input line 334.
Package textcomp Info: Setting cmr sub-encoding to TS1/0 on input line 349.
Package textcomp Info: Setting cmss sub-encoding to TS1/0 on input line 350.
Package textcomp Info: Setting cmtt sub-encoding to TS1/0 on input line 351.
Package textcomp Info: Setting cmvtt sub-encoding to TS1/0 on input line 352.
Package textcomp Info: Setting cmbr sub-encoding to TS1/0 on input line 353.
Package textcomp Info: Setting cmtl sub-encoding to TS1/0 on input line 354.
Package textcomp Info: Setting ccr sub-encoding to TS1/0 on input line 355.
Package textcomp Info: Setting ptm sub-encoding to TS1/4 on input line 356.
Package textcomp Info: Setting pcr sub-encoding to TS1/4 on input line 357.
Package textcomp Info: Setting phv sub-encoding to TS1/4 on input line 358.
Package textcomp Info: Setting ppl sub-encoding to TS1/3 on input line 359.
Package textcomp Info: Setting pag sub-encoding to TS1/4 on input line 360.
Package textcomp Info: Setting pbk sub-encoding to TS1/4 on input line 361.
Package textcomp Info: Setting pnc sub-encoding to TS1/4 on input line 362.
Package textcomp Info: Setting pzc sub-encoding to TS1/4 on input line 363.
Package textcomp Info: Setting bch sub-encoding to TS1/4 on input line 364.
Package textcomp Info: Setting put sub-encoding to TS1/5 on input line 365.
Package textcomp Info: Setting uag sub-encoding to TS1/5 on input line 366.
Package textcomp Info: Setting ugq sub-encoding to TS1/5 on input line 367.
Package textcomp Info: Setting ul8 sub-encoding to TS1/4 on input line 368.
Package textcomp Info: Setting ul9 sub-encoding to TS1/4 on input line 369.
Package textcomp Info: Setting augie sub-encoding to TS1/5 on input line 370.
Package textcomp Info: Setting dayrom sub-encoding to TS1/3 on input line 371.
Package textcomp Info: Setting dayroms sub-encoding to TS1/3 on input line 372.

Package textcomp Info: Setting pxr sub-encoding to TS1/0 on input line 373.
Package textcomp Info: Setting pxss sub-encoding to TS1/0 on input line 374.
Package textcomp Info: Setting pxtt sub-encoding to TS1/0 on input line 375.
Package textcomp Info: Setting txr sub-encoding to TS1/0 on input line 376.
Package textcomp Info: Setting txss sub-encoding to TS1/0 on input line 377.
Package textcomp Info: Setting txtt sub-encoding to TS1/0 on input line 378.
Package textcomp Info: Setting lmr sub-encoding to TS1/0 on input line 379.
Package textcomp Info: Setting lmdh sub-encoding to TS1/0 on input line 380.
Package textcomp Info: Setting lmss sub-encoding to TS1/0 on input line 381.
Package textcomp Info: Setting lmssq sub-encoding to TS1/0 on input line 382.
Package textcomp Info: Setting lmvtt sub-encoding to TS1/0 on input line 383.
Package textcomp Info: Setting lmtt sub-encoding to TS1/0 on input line 384.
Package textcomp Info: Setting qhv sub-encoding to TS1/0 on input line 385.
Package textcomp Info: Setting qag sub-encoding to TS1/0 on input line 386.
Package textcomp Info: Setting qbk sub-encoding to TS1/0 on input line 387.
Package textcomp Info: Setting qcr sub-encoding to TS1/0 on input line 388.
Package textcomp Info: Setting qcs sub-encoding to TS1/0 on input line 389.
Package textcomp Info: Setting qpl sub-encoding to TS1/0 on input line 390.
Package textcomp Info: Setting qtm sub-encoding to TS1/0 on input line 391.
Package textcomp Info: Setting qzc sub-encoding to TS1/0 on input line 392.
Package textcomp Info: Setting qhvc sub-encoding to TS1/0 on input line 393.
Package textcomp Info: Setting futs sub-encoding to TS1/4 on input line 394.
Package textcomp Info: Setting futx sub-encoding to TS1/4 on input line 395.
Package textcomp Info: Setting futj sub-encoding to TS1/4 on input line 396.
Package textcomp Info: Setting hlh sub-encoding to TS1/3 on input line 397.
Package textcomp Info: Setting hls sub-encoding to TS1/3 on input line 398.
Package textcomp Info: Setting hlst sub-encoding to TS1/3 on input line 399.
Package textcomp Info: Setting hlct sub-encoding to TS1/5 on input line 400.
Package textcomp Info: Setting hlx sub-encoding to TS1/5 on input line 401.
Package textcomp Info: Setting hlce sub-encoding to TS1/5 on input line 402.
Package textcomp Info: Setting hlcn sub-encoding to TS1/5 on input line 403.
Package textcomp Info: Setting hlcw sub-encoding to TS1/5 on input line 404.
Package textcomp Info: Setting hlcf sub-encoding to TS1/5 on input line 405.
Package textcomp Info: Setting pplx sub-encoding to TS1/3 on input line 406.
Package textcomp Info: Setting pplj sub-encoding to TS1/3 on input line 407.
Package textcomp Info: Setting ptmx sub-encoding to TS1/4 on input line 408.
Package textcomp Info: Setting ptmj sub-encoding to TS1/4 on input line 409.
)
("C:\Users\denni\AppData\Local\Programs\MiKTeX 2.9\tex/latex/lastpage\lastpage.
sty"
Package: lastpage 2015/03/29 v1.2m Refers to last page's name (HMM; JPG)
)
("C:\Users\denni\AppData\Local\Programs\MiKTeX 2.9\tex/generic/babel\babel.sty"
Package: babel 2019/07/19 3.33 The Babel package
("C:\Users\denni\AppData\Local\Programs\MiKTeX 2.9\tex/generic/babel\switch.def
"
File: switch.def 2019/07/19 3.33 Babel switching mechanism
)
*************************************
* Local config file bblopts.cfg used
*
("C:\Users\denni\AppData\Local\Programs\MiKTeX 2.9\tex/latex/arabi\bblopts.cfg"
File: bblopts.cfg 2005/09/08 v0.1 add Arabic and Farsi to "declared" options of
 babel
)
("C:\Users\denni\AppData\Local\Programs\MiKTeX 2.9\tex/latex/babel-german\germa
n.ldf"
Language: german 2018/12/08 v2.11 German support for babel (pre-1996 orthograph
y)

("C:\Users\denni\AppData\Local\Programs\MiKTeX 2.9\tex/latex/babel-german\germa
nb.ldf"
Language: germanb 2018/12/08 v2.11 German support for babel (pre-1996 orthograp
hy)

("C:\Users\denni\AppData\Local\Programs\MiKTeX 2.9\tex/generic/babel\babel.def"
File: babel.def 2019/07/19 3.33 Babel common definitions
\babel@savecnt=\count88
\U@D=\dimen103

("C:\Users\denni\AppData\Local\Programs\MiKTeX 2.9\tex/generic/babel\txtbabel.d
ef")
\bbl@dirlevel=\count89
)
Package babel Info: Making " an active character on input line 135.
))
("C:\Users\denni\AppData\Local\Programs\MiKTeX 2.9\tex/latex/babel-german\ngerm
an.ldf"
Language: ngerman 2018/12/08 v2.11 German support for babel (post-1996 orthogra
phy)

("C:\Users\denni\AppData\Local\Programs\MiKTeX 2.9\tex/latex/babel-german\ngerm
anb.ldf"
Language: ngermanb 2018/12/08 v2.11 German support for babel (post-1996 orthogr
aphy)
)))
("C:\Users\denni\AppData\Local\Programs\MiKTeX 2.9\tex/latex/caption\caption.st
y"
Package: caption 2019/09/01 v3.3d Customizing captions (AR)

("C:\Users\denni\AppData\Local\Programs\MiKTeX 2.9\tex/latex/caption\caption3.s
ty"
Package: caption3 2019/09/01 v1.8d caption3 kernel (AR)
Package caption3 Info: TeX engine: e-TeX on input line 64.

("C:\Users\denni\AppData\Local\Programs\MiKTeX 2.9\tex/latex/graphics\keyval.st
y"
Package: keyval 2014/10/28 v1.15 key=value parser (DPC)
\KV@toks@=\toks16
)
\captionmargin=\dimen104
\captionmargin@=\dimen105
\captionwidth=\dimen106
\caption@tempdima=\dimen107
\caption@indent=\dimen108
\caption@parindent=\dimen109
\caption@hangindent=\dimen110
)
\c@caption@flags=\count90
\c@ContinuedFloat=\count91
)
("C:\Users\denni\AppData\Local\Programs\MiKTeX 2.9\tex/latex/geometry\geometry.
sty"
Package: geometry 2018/04/16 v5.8 Page Geometry

("C:\Users\denni\AppData\Local\Programs\MiKTeX 2.9\tex/generic/oberdiek\ifpdf.s
ty"
Package: ifpdf 2018/09/07 v3.3 Provides the ifpdf switch
)
("C:\Users\denni\AppData\Local\Programs\MiKTeX 2.9\tex/generic/oberdiek\ifvtex.
sty"
Package: ifvtex 2016/05/16 v1.6 Detect VTeX and its facilities (HO)
Package ifvtex Info: VTeX not detected.
)
("C:\Users\denni\AppData\Local\Programs\MiKTeX 2.9\tex/generic/ifxetex\ifxetex.
sty"
Package: ifxetex 2010/09/12 v0.6 Provides ifxetex conditional
)
\Gm@cnth=\count92
\Gm@cntv=\count93
\c@Gm@tempcnt=\count94
\Gm@bindingoffset=\dimen111
\Gm@wd@mp=\dimen112
\Gm@odd@mp=\dimen113
\Gm@even@mp=\dimen114
\Gm@layoutwidth=\dimen115
\Gm@layoutheight=\dimen116
\Gm@layouthoffset=\dimen117
\Gm@layoutvoffset=\dimen118
\Gm@dimlist=\toks17

("C:\Users\denni\AppData\Local\Programs\MiKTeX 2.9\tex/latex/geometry\geometry.
cfg"))
("C:\Users\denni\AppData\Local\Programs\MiKTeX 2.9\tex/latex/fancyhdr\fancyhdr.
sty"
Package: fancyhdr 2019/01/31 v3.10 Extensive control of page headers and footer
s
\f@nch@headwidth=\skip43
\f@nch@O@elh=\skip44
\f@nch@O@erh=\skip45
\f@nch@O@olh=\skip46
\f@nch@O@orh=\skip47
\f@nch@O@elf=\skip48
\f@nch@O@erf=\skip49
\f@nch@O@olf=\skip50
\f@nch@O@orf=\skip51
)
("C:\Users\denni\AppData\Local\Programs\MiKTeX 2.9\tex/latex/tools\array.sty"
Package: array 2018/12/30 v2.4k Tabular extension package (FMi)
\col@sep=\dimen119
\ar@mcellbox=\box27
\extrarowheight=\dimen120
\NC@list=\toks18
\extratabsurround=\skip52
\backup@length=\skip53
\ar@cellbox=\box28
)
("C:\Users\denni\AppData\Local\Programs\MiKTeX 2.9\tex/latex/graphics\graphicx.
sty"
Package: graphicx 2017/06/01 v1.1a Enhanced LaTeX Graphics (DPC,SPQR)

("C:\Users\denni\AppData\Local\Programs\MiKTeX 2.9\tex/latex/graphics\graphics.
sty"
Package: graphics 2017/06/25 v1.2c Standard LaTeX Graphics (DPC,SPQR)

("C:\Users\denni\AppData\Local\Programs\MiKTeX 2.9\tex/latex/graphics\trig.sty"
Package: trig 2016/01/03 v1.10 sin cos tan (DPC)
)
("C:\Users\denni\AppData\Local\Programs\MiKTeX 2.9\tex/latex/graphics-cfg\graph
ics.cfg"
File: graphics.cfg 2016/06/04 v1.11 sample graphics configuration
)
Package graphics Info: Driver file: pdftex.def on input line 99.

("C:\Users\denni\AppData\Local\Programs\MiKTeX 2.9\tex/latex/graphics-def\pdfte
x.def"
File: pdftex.def 2018/01/08 v1.0l Graphics/color driver for pdftex
))
\Gin@req@height=\dimen121
\Gin@req@width=\dimen122
)
("C:\Users\denni\AppData\Local\Programs\MiKTeX 2.9\tex/latex/amsmath\amsmath.st
y"
Package: amsmath 2018/12/01 v2.17b AMS math features
\@mathmargin=\skip54

For additional information on amsmath, use the `?' option.

("C:\Users\denni\AppData\Local\Programs\MiKTeX 2.9\tex/latex/amsmath\amstext.st
y"
Package: amstext 2000/06/29 v2.01 AMS text

("C:\Users\denni\AppData\Local\Programs\MiKTeX 2.9\tex/latex/amsmath\amsgen.sty
"
File: amsgen.sty 1999/11/30 v2.0 generic functions
\@emptytoks=\toks19
\ex@=\dimen123
))
("C:\Users\denni\AppData\Local\Programs\MiKTeX 2.9\tex/latex/amsmath\amsbsy.sty
"
Package: amsbsy 1999/11/29 v1.2d Bold Symbols
\pmbraise@=\dimen124
)
("C:\Users\denni\AppData\Local\Programs\MiKTeX 2.9\tex/latex/amsmath\amsopn.sty
"
Package: amsopn 2016/03/08 v2.02 operator names
)
\inf@bad=\count95
LaTeX Info: Redefining \frac on input line 223.
\uproot@=\count96
\leftroot@=\count97
LaTeX Info: Redefining \overline on input line 385.
\classnum@=\count98
\DOTSCASE@=\count99
LaTeX Info: Redefining \ldots on input line 482.
LaTeX Info: Redefining \dots on input line 485.
LaTeX Info: Redefining \cdots on input line 606.
\Mathstrutbox@=\box29
\strutbox@=\box30
\big@size=\dimen125
LaTeX Font Info:    Redeclaring font encoding OML on input line 729.
LaTeX Font Info:    Redeclaring font encoding OMS on input line 730.
\macc@depth=\count100
\c@MaxMatrixCols=\count101
\dotsspace@=\muskip10
\c@parentequation=\count102
\dspbrk@lvl=\count103
\tag@help=\toks20
\row@=\count104
\column@=\count105
\maxfields@=\count106
\andhelp@=\toks21
\eqnshift@=\dimen126
\alignsep@=\dimen127
\tagshift@=\dimen128
\tagwidth@=\dimen129
\totwidth@=\dimen130
\lineht@=\dimen131
\@envbody=\toks22
\multlinegap=\skip55
\multlinetaggap=\skip56
\mathdisplay@stack=\toks23
LaTeX Info: Redefining \[ on input line 2844.
LaTeX Info: Redefining \] on input line 2845.
)
("C:\Users\denni\AppData\Local\Programs\MiKTeX 2.9\tex/latex/mathtools\mathtool
s.sty"
Package: mathtools 2019/07/31 v1.22 mathematical typesetting tools

("C:\Users\denni\AppData\Local\Programs\MiKTeX 2.9\tex/latex/tools\calc.sty"
Package: calc 2017/05/25 v4.3 Infix arithmetic (KKT,FJ)
\calc@Acount=\count107
\calc@Bcount=\count108
\calc@Adimen=\dimen132
\calc@Bdimen=\dimen133
\calc@Askip=\skip57
\calc@Bskip=\skip58
LaTeX Info: Redefining \setlength on input line 80.
LaTeX Info: Redefining \addtolength on input line 81.
\calc@Ccount=\count109
\calc@Cskip=\skip59
)
("C:\Users\denni\AppData\Local\Programs\MiKTeX 2.9\tex/latex/mathtools\mhsetup.
sty"
Package: mhsetup 2017/03/31 v1.3 programming setup (MH)
)
LaTeX Info: Thecontrolsequence`\('isalreadyrobust on input line 129.
LaTeX Info: Thecontrolsequence`\)'isalreadyrobust on input line 129.
LaTeX Info: Thecontrolsequence`\['isalreadyrobust on input line 129.
LaTeX Info: Thecontrolsequence`\]'isalreadyrobust on input line 129.
\g_MT_multlinerow_int=\count110
\l_MT_multwidth_dim=\dimen134
\origjot=\skip60
\l_MT_shortvdotswithinadjustabove_dim=\dimen135
\l_MT_shortvdotswithinadjustbelow_dim=\dimen136
\l_MT_above_intertext_sep=\dimen137
\l_MT_below_intertext_sep=\dimen138
\l_MT_above_shortintertext_sep=\dimen139
\l_MT_below_shortintertext_sep=\dimen140
)
("C:\Users\denni\AppData\Local\Programs\MiKTeX 2.9\tex/latex/tools\tabularx.sty
"
Package: tabularx 2016/02/03 v2.11b `tabularx' package (DPC)
\TX@col@width=\dimen141
\TX@old@table=\dimen142
\TX@old@col=\dimen143
\TX@target=\dimen144
\TX@delta=\dimen145
\TX@cols=\count111
\TX@ftn=\toks24
)
("C:\Users\denni\AppData\Local\Programs\MiKTeX 2.9\tex/latex/titlesec\titlesec.
sty"
Package: titlesec 2019/09/09 v2.12 Sectioning titles
\ttl@box=\box31
\beforetitleunit=\skip61
\aftertitleunit=\skip62
\ttl@plus=\dimen146
\ttl@minus=\dimen147
\ttl@toksa=\toks25
\titlewidth=\dimen148
\titlewidthlast=\dimen149
\titlewidthfirst=\dimen150
)
("C:\Users\denni\AppData\Local\Programs\MiKTeX 2.9\tex/latex/siunitx\siunitx.st
y"
("C:\Users\denni\AppData\Local\Programs\MiKTeX 2.9\tex/latex/l3kernel\expl3.sty
"
Package: expl3 2019-09-08 L3 programming layer (loader) 

("C:\Users\denni\AppData\Local\Programs\MiKTeX 2.9\tex/latex/l3kernel\expl3-cod
e.tex"
Package: expl3 2019-09-08 L3 programming layer (code)
\c_max_int=\count112
\l_tmpa_int=\count113
\l_tmpb_int=\count114
\g_tmpa_int=\count115
\g_tmpb_int=\count116
\g__kernel_prg_map_int=\count117
\c__ior_term_noprompt_ior=\count118
\c_log_iow=\count119
\l_iow_line_count_int=\count120
\l__iow_line_target_int=\count121
\l__iow_one_indent_int=\count122
\l__iow_indent_int=\count123
\c_zero_dim=\dimen151
\c_max_dim=\dimen152
\l_tmpa_dim=\dimen153
\l_tmpb_dim=\dimen154
\g_tmpa_dim=\dimen155
\g_tmpb_dim=\dimen156
\c_zero_skip=\skip63
\c_max_skip=\skip64
\l_tmpa_skip=\skip65
\l_tmpb_skip=\skip66
\g_tmpa_skip=\skip67
\g_tmpb_skip=\skip68
\c_zero_muskip=\muskip11
\c_max_muskip=\muskip12
\l_tmpa_muskip=\muskip13
\l_tmpb_muskip=\muskip14
\g_tmpa_muskip=\muskip15
\g_tmpb_muskip=\muskip16
\l_keys_choice_int=\count124
\l__intarray_loop_int=\count125
\c__intarray_sp_dim=\dimen157
\g__intarray_font_int=\count126
\c__fp_leading_shift_int=\count127
\c__fp_middle_shift_int=\count128
\c__fp_trailing_shift_int=\count129
\c__fp_big_leading_shift_int=\count130
\c__fp_big_middle_shift_int=\count131
\c__fp_big_trailing_shift_int=\count132
\c__fp_Bigg_leading_shift_int=\count133
\c__fp_Bigg_middle_shift_int=\count134
\c__fp_Bigg_trailing_shift_int=\count135
\c__kernel_randint_max_int=\count136
\g__fp_array_int=\count137
\l__fp_array_loop_int=\count138
\l__sort_length_int=\count139
\l__sort_min_int=\count140
\l__sort_top_int=\count141
\l__sort_max_int=\count142
\l__sort_true_max_int=\count143
\l__sort_block_int=\count144
\l__sort_begin_int=\count145
\l__sort_end_int=\count146
\l__sort_A_int=\count147
\l__sort_B_int=\count148
\l__sort_C_int=\count149
\l__str_internal_int=\count150
\c__str_replacement_char_int=\count151
\l__tl_analysis_normal_int=\count152
\l__tl_analysis_index_int=\count153
\l__tl_analysis_nesting_int=\count154
\l__tl_analysis_type_int=\count155
\l__regex_internal_a_int=\count156
\l__regex_internal_b_int=\count157
\l__regex_internal_c_int=\count158
\l__regex_balance_int=\count159
\l__regex_group_level_int=\count160
\l__regex_mode_int=\count161
\c__regex_cs_in_class_mode_int=\count162
\c__regex_cs_mode_int=\count163
\l__regex_catcodes_int=\count164
\l__regex_default_catcodes_int=\count165
\c__regex_catcode_D_int=\count166
\c__regex_catcode_S_int=\count167
\c__regex_catcode_L_int=\count168
\c__regex_catcode_O_int=\count169
\c__regex_catcode_A_int=\count170
\c__regex_all_catcodes_int=\count171
\l__regex_show_lines_int=\count172
\l__regex_min_state_int=\count173
\l__regex_max_state_int=\count174
\l__regex_left_state_int=\count175
\l__regex_right_state_int=\count176
\l__regex_capturing_group_int=\count177
\l__regex_min_pos_int=\count178
\l__regex_max_pos_int=\count179
\l__regex_curr_pos_int=\count180
\l__regex_start_pos_int=\count181
\l__regex_success_pos_int=\count182
\l__regex_curr_char_int=\count183
\l__regex_curr_catcode_int=\count184
\l__regex_last_char_int=\count185
\l__regex_case_changed_char_int=\count186
\l__regex_curr_state_int=\count187
\l__regex_step_int=\count188
\l__regex_min_active_int=\count189
\l__regex_max_active_int=\count190
\l__regex_replacement_csnames_int=\count191
\l__regex_match_count_int=\count192
\l__regex_min_submatch_int=\count193
\l__regex_submatch_int=\count194
\l__regex_zeroth_submatch_int=\count195
\g__regex_trace_regex_int=\count196
\c_empty_box=\box32
\l_tmpa_box=\box33
\l_tmpb_box=\box34
\g_tmpa_box=\box35
\g_tmpb_box=\box36
\l__box_top_dim=\dimen158
\l__box_bottom_dim=\dimen159
\l__box_left_dim=\dimen160
\l__box_right_dim=\dimen161
\l__box_top_new_dim=\dimen162
\l__box_bottom_new_dim=\dimen163
\l__box_left_new_dim=\dimen164
\l__box_right_new_dim=\dimen165
\l__box_internal_box=\box37
\l__coffin_internal_box=\box38
\l__coffin_internal_dim=\dimen166
\l__coffin_offset_x_dim=\dimen167
\l__coffin_offset_y_dim=\dimen168
\l__coffin_x_dim=\dimen169
\l__coffin_y_dim=\dimen170
\l__coffin_x_prime_dim=\dimen171
\l__coffin_y_prime_dim=\dimen172
\c_empty_coffin=\box39
\l__coffin_aligned_coffin=\box40
\l__coffin_aligned_internal_coffin=\box41
\l_tmpa_coffin=\box42
\l_tmpb_coffin=\box43
\g_tmpa_coffin=\box44
\g_tmpb_coffin=\box45
\l__coffin_bounding_shift_dim=\dimen173
\l__coffin_left_corner_dim=\dimen174
\l__coffin_right_corner_dim=\dimen175
\l__coffin_bottom_corner_dim=\dimen176
\l__coffin_top_corner_dim=\dimen177
\l__coffin_scaled_total_height_dim=\dimen178
\l__coffin_scaled_width_dim=\dimen179
\c__coffin_empty_coffin=\box46
\l__coffin_display_coffin=\box47
\l__coffin_display_coord_coffin=\box48
\l__coffin_display_pole_coffin=\box49
\l__coffin_display_offset_dim=\dimen180
\l__coffin_display_x_dim=\dimen181
\l__coffin_display_y_dim=\dimen182
\g__char_data_ior=\read1
\l__seq_internal_a_int=\count197
\l__seq_internal_b_int=\count198
)
("C:\Users\denni\AppData\Local\Programs\MiKTeX 2.9\tex/latex/l3backend\l3backen
d-pdfmode.def"
File: l3backend-pdfmode.def 2019-04-06 v L3 backend support: PDF mode
\l__kernel_color_stack_int=\count199
\l__pdf_internal_box=\box50
))
("C:\Users\denni\AppData\Local\Programs\MiKTeX 2.9\tex/latex/l3packages/xparse\
xparse.sty"
Package: xparse 2019-05-28 L3 Experimental document command parser
\l__xparse_current_arg_int=\count266
\g__xparse_grabber_int=\count267
\l__xparse_m_args_int=\count268
\l__xparse_v_nesting_int=\count269
)
Package: siunitx 2018/05/17 v2.7s A comprehensive (SI) units package

("C:\Users\denni\AppData\Local\Programs\MiKTeX 2.9\tex/latex/l3packages/l3keys2
e\l3keys2e.sty"
Package: l3keys2e 2019-05-28 LaTeX2e option processing using LaTeX3 keys
)
\l__siunitx_tmp_box=\box51
\l__siunitx_tmp_dim=\dimen183
\l__siunitx_tmp_int=\count270
\l__siunitx_number_mantissa_length_int=\count271
\l__siunitx_number_uncert_length_int=\count272
\l__siunitx_round_int=\count273
\l__siunitx_process_decimal_int=\count274
\l__siunitx_process_uncertainty_int=\count275
\l__siunitx_process_fixed_int=\count276
\l__siunitx_process_integer_min_int=\count277
\l__siunitx_process_precision_int=\count278
\l__siunitx_group_min_int=\count279
\l__siunitx_angle_marker_box=\box52
\l__siunitx_angle_unit_box=\box53
\l__siunitx_angle_marker_dim=\dimen184
\l__siunitx_angle_unit_dim=\dimen185
\l__siunitx_unit_int=\count280
\l__siunitx_unit_denominator_int=\count281
\l__siunitx_unit_numerator_int=\count282
\l__siunitx_unit_prefix_int=\count283
\l__siunitx_unit_prefix_base_int=\count284
\l__siunitx_unit_prefix_gram_int=\count285
\l__siunitx_number_product_int=\count286
\c__siunitx_one_fill_skip=\skip69
\l__siunitx_table_unit_align_skip=\skip70
\l__siunitx_table_exponent_dim=\dimen186
\l__siunitx_table_integer_dim=\dimen187
\l__siunitx_table_mantissa_dim=\dimen188
\l__siunitx_table_marker_dim=\dimen189
\l__siunitx_table_result_dim=\dimen190
\l__siunitx_table_uncert_dim=\dimen191
\l__siunitx_table_fill_pre_dim=\dimen192
\l__siunitx_table_fill_post_dim=\dimen193
\l__siunitx_table_fill_mid_dim=\dimen194
\l__siunitx_table_pre_box=\box54
\l__siunitx_table_post_box=\box55
\l__siunitx_table_mantissa_box=\box56
\l__siunitx_table_result_box=\box57
\l__siunitx_table_number_align_skip=\skip71
\l__siunitx_table_text_align_skip=\skip72

("C:\Users\denni\AppData\Local\Programs\MiKTeX 2.9\tex/latex/translator\transla
tor.sty"
Package: translator 2019-05-31 v1.12a Easy translation of strings in LaTeX
))
("C:\Users\denni\AppData\Local\Programs\MiKTeX 2.9\tex/latex/pgf/frontendlayer\
tikz.sty"
("C:\Users\denni\AppData\Local\Programs\MiKTeX 2.9\tex/latex/pgf/basiclayer\pgf
.sty"
("C:\Users\denni\AppData\Local\Programs\MiKTeX 2.9\tex/latex/pgf/utilities\pgfr
cs.sty"
("C:\Users\denni\AppData\Local\Programs\MiKTeX 2.9\tex/generic/pgf/utilities\pg
futil-common.tex"
\pgfutil@everybye=\toks26
\pgfutil@tempdima=\dimen195
\pgfutil@tempdimb=\dimen196

("C:\Users\denni\AppData\Local\Programs\MiKTeX 2.9\tex/generic/pgf/utilities\pg
futil-common-lists.tex"))
("C:\Users\denni\AppData\Local\Programs\MiKTeX 2.9\tex/generic/pgf/utilities\pg
futil-latex.def"
\pgfutil@abb=\box58

("C:\Users\denni\AppData\Local\Programs\MiKTeX 2.9\tex/latex/ms\everyshi.sty"
Package: everyshi 2001/05/15 v3.00 EveryShipout Package (MS)
))
("C:\Users\denni\AppData\Local\Programs\MiKTeX 2.9\tex/generic/pgf/utilities\pg
frcs.code.tex"
("C:\Users\denni\AppData\Local\Programs\MiKTeX 2.9\tex/generic/pgf\pgf.revision
.tex")
Package: pgfrcs 2019/08/03 v3.1.4b (3.1.4b)
))
Package: pgf 2019/08/03 v3.1.4b (3.1.4b)

("C:\Users\denni\AppData\Local\Programs\MiKTeX 2.9\tex/latex/pgf/basiclayer\pgf
core.sty"
("C:\Users\denni\AppData\Local\Programs\MiKTeX 2.9\tex/latex/pgf/systemlayer\pg
fsys.sty"
("C:\Users\denni\AppData\Local\Programs\MiKTeX 2.9\tex/generic/pgf/systemlayer\
pgfsys.code.tex"
Package: pgfsys 2019/08/03 v3.1.4b (3.1.4b)

("C:\Users\denni\AppData\Local\Programs\MiKTeX 2.9\tex/generic/pgf/utilities\pg
fkeys.code.tex"
\pgfkeys@pathtoks=\toks27
\pgfkeys@temptoks=\toks28

("C:\Users\denni\AppData\Local\Programs\MiKTeX 2.9\tex/generic/pgf/utilities\pg
fkeysfiltered.code.tex"
\pgfkeys@tmptoks=\toks29
))
\pgf@x=\dimen197
\pgf@y=\dimen198
\pgf@xa=\dimen199
\pgf@ya=\dimen256
\pgf@xb=\dimen257
\pgf@yb=\dimen258
\pgf@xc=\dimen259
\pgf@yc=\dimen260
\pgf@xd=\dimen261
\pgf@yd=\dimen262
\w@pgf@writea=\write3
\r@pgf@reada=\read2
\c@pgf@counta=\count287
\c@pgf@countb=\count288
\c@pgf@countc=\count289
\c@pgf@countd=\count290
\t@pgf@toka=\toks30
\t@pgf@tokb=\toks31
\t@pgf@tokc=\toks32
\pgf@sys@id@count=\count291

("C:\Users\denni\AppData\Local\Programs\MiKTeX 2.9\tex/generic/pgf/systemlayer\
pgf.cfg"
File: pgf.cfg 2019/08/03 v3.1.4b (3.1.4b)
)
Driver file for pgf: pgfsys-pdftex.def

("C:\Users\denni\AppData\Local\Programs\MiKTeX 2.9\tex/generic/pgf/systemlayer\
pgfsys-pdftex.def"
File: pgfsys-pdftex.def 2019/08/03 v3.1.4b (3.1.4b)

("C:\Users\denni\AppData\Local\Programs\MiKTeX 2.9\tex/generic/pgf/systemlayer\
pgfsys-common-pdf.def"
File: pgfsys-common-pdf.def 2019/08/03 v3.1.4b (3.1.4b)
)))
("C:\Users\denni\AppData\Local\Programs\MiKTeX 2.9\tex/generic/pgf/systemlayer\
pgfsyssoftpath.code.tex"
File: pgfsyssoftpath.code.tex 2019/08/03 v3.1.4b (3.1.4b)
\pgfsyssoftpath@smallbuffer@items=\count292
\pgfsyssoftpath@bigbuffer@items=\count293
)
("C:\Users\denni\AppData\Local\Programs\MiKTeX 2.9\tex/generic/pgf/systemlayer\
pgfsysprotocol.code.tex"
File: pgfsysprotocol.code.tex 2019/08/03 v3.1.4b (3.1.4b)
))
("C:\Users\denni\AppData\Local\Programs\MiKTeX 2.9\tex/latex/xcolor\xcolor.sty"
Package: xcolor 2016/05/11 v2.12 LaTeX color extensions (UK)

("C:\Users\denni\AppData\Local\Programs\MiKTeX 2.9\tex/latex/graphics-cfg\color
.cfg"
File: color.cfg 2016/01/02 v1.6 sample color configuration
)
Package xcolor Info: Driver file: pdftex.def on input line 225.
Package xcolor Info: Model `cmy' substituted by `cmy0' on input line 1348.
Package xcolor Info: Model `hsb' substituted by `rgb' on input line 1352.
Package xcolor Info: Model `RGB' extended on input line 1364.
Package xcolor Info: Model `HTML' substituted by `rgb' on input line 1366.
Package xcolor Info: Model `Hsb' substituted by `hsb' on input line 1367.
Package xcolor Info: Model `tHsb' substituted by `hsb' on input line 1368.
Package xcolor Info: Model `HSB' substituted by `hsb' on input line 1369.
Package xcolor Info: Model `Gray' substituted by `gray' on input line 1370.
Package xcolor Info: Model `wave' substituted by `hsb' on input line 1371.
)
("C:\Users\denni\AppData\Local\Programs\MiKTeX 2.9\tex/generic/pgf/basiclayer\p
gfcore.code.tex"
Package: pgfcore 2019/08/03 v3.1.4b (3.1.4b)

("C:\Users\denni\AppData\Local\Programs\MiKTeX 2.9\tex/generic/pgf/math\pgfmath
.code.tex"
("C:\Users\denni\AppData\Local\Programs\MiKTeX 2.9\tex/generic/pgf/math\pgfmath
calc.code.tex"
("C:\Users\denni\AppData\Local\Programs\MiKTeX 2.9\tex/generic/pgf/math\pgfmath
util.code.tex")
("C:\Users\denni\AppData\Local\Programs\MiKTeX 2.9\tex/generic/pgf/math\pgfmath
parser.code.tex"
\pgfmath@dimen=\dimen263
\pgfmath@count=\count294
\pgfmath@box=\box59
\pgfmath@toks=\toks33
\pgfmath@stack@operand=\toks34
\pgfmath@stack@operation=\toks35
)
("C:\Users\denni\AppData\Local\Programs\MiKTeX 2.9\tex/generic/pgf/math\pgfmath
functions.code.tex"
("C:\Users\denni\AppData\Local\Programs\MiKTeX 2.9\tex/generic/pgf/math\pgfmath
functions.basic.code.tex")
("C:\Users\denni\AppData\Local\Programs\MiKTeX 2.9\tex/generic/pgf/math\pgfmath
functions.trigonometric.code.tex")
("C:\Users\denni\AppData\Local\Programs\MiKTeX 2.9\tex/generic/pgf/math\pgfmath
functions.random.code.tex")
("C:\Users\denni\AppData\Local\Programs\MiKTeX 2.9\tex/generic/pgf/math\pgfmath
functions.comparison.code.tex")
("C:\Users\denni\AppData\Local\Programs\MiKTeX 2.9\tex/generic/pgf/math\pgfmath
functions.base.code.tex")
("C:\Users\denni\AppData\Local\Programs\MiKTeX 2.9\tex/generic/pgf/math\pgfmath
functions.round.code.tex")
("C:\Users\denni\AppData\Local\Programs\MiKTeX 2.9\tex/generic/pgf/math\pgfmath
functions.misc.code.tex")
("C:\Users\denni\AppData\Local\Programs\MiKTeX 2.9\tex/generic/pgf/math\pgfmath
functions.integerarithmetics.code.tex")))
("C:\Users\denni\AppData\Local\Programs\MiKTeX 2.9\tex/generic/pgf/math\pgfmath
float.code.tex"
\c@pgfmathroundto@lastzeros=\count295
))
("C:\Users\denni\AppData\Local\Programs\MiKTeX 2.9\tex/generic/pgf/math\pgfint.
code.tex")
("C:\Users\denni\AppData\Local\Programs\MiKTeX 2.9\tex/generic/pgf/basiclayer\p
gfcorepoints.code.tex"
File: pgfcorepoints.code.tex 2019/08/03 v3.1.4b (3.1.4b)
\pgf@picminx=\dimen264
\pgf@picmaxx=\dimen265
\pgf@picminy=\dimen266
\pgf@picmaxy=\dimen267
\pgf@pathminx=\dimen268
\pgf@pathmaxx=\dimen269
\pgf@pathminy=\dimen270
\pgf@pathmaxy=\dimen271
\pgf@xx=\dimen272
\pgf@xy=\dimen273
\pgf@yx=\dimen274
\pgf@yy=\dimen275
\pgf@zx=\dimen276
\pgf@zy=\dimen277
)
("C:\Users\denni\AppData\Local\Programs\MiKTeX 2.9\tex/generic/pgf/basiclayer\p
gfcorepathconstruct.code.tex"
File: pgfcorepathconstruct.code.tex 2019/08/03 v3.1.4b (3.1.4b)
\pgf@path@lastx=\dimen278
\pgf@path@lasty=\dimen279
)
("C:\Users\denni\AppData\Local\Programs\MiKTeX 2.9\tex/generic/pgf/basiclayer\p
gfcorepathusage.code.tex"
File: pgfcorepathusage.code.tex 2019/08/03 v3.1.4b (3.1.4b)
\pgf@shorten@end@additional=\dimen280
\pgf@shorten@start@additional=\dimen281
)
("C:\Users\denni\AppData\Local\Programs\MiKTeX 2.9\tex/generic/pgf/basiclayer\p
gfcorescopes.code.tex"
File: pgfcorescopes.code.tex 2019/08/03 v3.1.4b (3.1.4b)
\pgfpic=\box60
\pgf@hbox=\box61
\pgf@layerbox@main=\box62
\pgf@picture@serial@count=\count296
)
("C:\Users\denni\AppData\Local\Programs\MiKTeX 2.9\tex/generic/pgf/basiclayer\p
gfcoregraphicstate.code.tex"
File: pgfcoregraphicstate.code.tex 2019/08/03 v3.1.4b (3.1.4b)
\pgflinewidth=\dimen282
)
("C:\Users\denni\AppData\Local\Programs\MiKTeX 2.9\tex/generic/pgf/basiclayer\p
gfcoretransformations.code.tex"
File: pgfcoretransformations.code.tex 2019/08/03 v3.1.4b (3.1.4b)
\pgf@pt@x=\dimen283
\pgf@pt@y=\dimen284
\pgf@pt@temp=\dimen285
)
("C:\Users\denni\AppData\Local\Programs\MiKTeX 2.9\tex/generic/pgf/basiclayer\p
gfcorequick.code.tex"
File: pgfcorequick.code.tex 2019/08/03 v3.1.4b (3.1.4b)
)
("C:\Users\denni\AppData\Local\Programs\MiKTeX 2.9\tex/generic/pgf/basiclayer\p
gfcoreobjects.code.tex"
File: pgfcoreobjects.code.tex 2019/08/03 v3.1.4b (3.1.4b)
)
("C:\Users\denni\AppData\Local\Programs\MiKTeX 2.9\tex/generic/pgf/basiclayer\p
gfcorepathprocessing.code.tex"
File: pgfcorepathprocessing.code.tex 2019/08/03 v3.1.4b (3.1.4b)
)
("C:\Users\denni\AppData\Local\Programs\MiKTeX 2.9\tex/generic/pgf/basiclayer\p
gfcorearrows.code.tex"
File: pgfcorearrows.code.tex 2019/08/03 v3.1.4b (3.1.4b)
\pgfarrowsep=\dimen286
)
("C:\Users\denni\AppData\Local\Programs\MiKTeX 2.9\tex/generic/pgf/basiclayer\p
gfcoreshade.code.tex"
File: pgfcoreshade.code.tex 2019/08/03 v3.1.4b (3.1.4b)
\pgf@max=\dimen287
\pgf@sys@shading@range@num=\count297
\pgf@shadingcount=\count298
)
("C:\Users\denni\AppData\Local\Programs\MiKTeX 2.9\tex/generic/pgf/basiclayer\p
gfcoreimage.code.tex"
File: pgfcoreimage.code.tex 2019/08/03 v3.1.4b (3.1.4b)

("C:\Users\denni\AppData\Local\Programs\MiKTeX 2.9\tex/generic/pgf/basiclayer\p
gfcoreexternal.code.tex"
File: pgfcoreexternal.code.tex 2019/08/03 v3.1.4b (3.1.4b)
\pgfexternal@startupbox=\box63
))
("C:\Users\denni\AppData\Local\Programs\MiKTeX 2.9\tex/generic/pgf/basiclayer\p
gfcorelayers.code.tex"
File: pgfcorelayers.code.tex 2019/08/03 v3.1.4b (3.1.4b)
)
("C:\Users\denni\AppData\Local\Programs\MiKTeX 2.9\tex/generic/pgf/basiclayer\p
gfcoretransparency.code.tex"
File: pgfcoretransparency.code.tex 2019/08/03 v3.1.4b (3.1.4b)
)
("C:\Users\denni\AppData\Local\Programs\MiKTeX 2.9\tex/generic/pgf/basiclayer\p
gfcorepatterns.code.tex"
File: pgfcorepatterns.code.tex 2019/08/03 v3.1.4b (3.1.4b)
)
("C:\Users\denni\AppData\Local\Programs\MiKTeX 2.9\tex/generic/pgf/basiclayer\p
gfcorerdf.code.tex"
File: pgfcorerdf.code.tex 2019/08/03 v3.1.4b (3.1.4b)
)))
("C:\Users\denni\AppData\Local\Programs\MiKTeX 2.9\tex/generic/pgf/modules\pgfm
oduleshapes.code.tex"
File: pgfmoduleshapes.code.tex 2019/08/03 v3.1.4b (3.1.4b)
\pgfnodeparttextbox=\box64
)
("C:\Users\denni\AppData\Local\Programs\MiKTeX 2.9\tex/generic/pgf/modules\pgfm
oduleplot.code.tex"
File: pgfmoduleplot.code.tex 2019/08/03 v3.1.4b (3.1.4b)
)
("C:\Users\denni\AppData\Local\Programs\MiKTeX 2.9\tex/latex/pgf/compatibility\
pgfcomp-version-0-65.sty"
Package: pgfcomp-version-0-65 2019/08/03 v3.1.4b (3.1.4b)
\pgf@nodesepstart=\dimen288
\pgf@nodesepend=\dimen289
)
("C:\Users\denni\AppData\Local\Programs\MiKTeX 2.9\tex/latex/pgf/compatibility\
pgfcomp-version-1-18.sty"
Package: pgfcomp-version-1-18 2019/08/03 v3.1.4b (3.1.4b)
))
("C:\Users\denni\AppData\Local\Programs\MiKTeX 2.9\tex/latex/pgf/utilities\pgff
or.sty"
("C:\Users\denni\AppData\Local\Programs\MiKTeX 2.9\tex/latex/pgf/utilities\pgfk
eys.sty"
("C:\Users\denni\AppData\Local\Programs\MiKTeX 2.9\tex/generic/pgf/utilities\pg
fkeys.code.tex"))
("C:\Users\denni\AppData\Local\Programs\MiKTeX 2.9\tex/latex/pgf/math\pgfmath.s
ty"
("C:\Users\denni\AppData\Local\Programs\MiKTeX 2.9\tex/generic/pgf/math\pgfmath
.code.tex"))
("C:\Users\denni\AppData\Local\Programs\MiKTeX 2.9\tex/generic/pgf/utilities\pg
ffor.code.tex"
Package: pgffor 2019/08/03 v3.1.4b (3.1.4b)

("C:\Users\denni\AppData\Local\Programs\MiKTeX 2.9\tex/generic/pgf/math\pgfmath
.code.tex")
\pgffor@iter=\dimen290
\pgffor@skip=\dimen291
\pgffor@stack=\toks36
\pgffor@toks=\toks37
))
("C:\Users\denni\AppData\Local\Programs\MiKTeX 2.9\tex/generic/pgf/frontendlaye
r/tikz\tikz.code.tex"
Package: tikz 2019/08/03 v3.1.4b (3.1.4b)

("C:\Users\denni\AppData\Local\Programs\MiKTeX 2.9\tex/generic/pgf/libraries\pg
flibraryplothandlers.code.tex"
File: pgflibraryplothandlers.code.tex 2019/08/03 v3.1.4b (3.1.4b)
\pgf@plot@mark@count=\count299
\pgfplotmarksize=\dimen292
)
\tikz@lastx=\dimen293
\tikz@lasty=\dimen294
\tikz@lastxsaved=\dimen295
\tikz@lastysaved=\dimen296
\tikz@lastmovetox=\dimen297
\tikz@lastmovetoy=\dimen298
\tikzleveldistance=\dimen299
\tikzsiblingdistance=\dimen300
\tikz@figbox=\box65
\tikz@figbox@bg=\box66
\tikz@tempbox=\box67
\tikz@tempbox@bg=\box68
\tikztreelevel=\count300
\tikznumberofchildren=\count301
\tikznumberofcurrentchild=\count302
\tikz@fig@count=\count303

("C:\Users\denni\AppData\Local\Programs\MiKTeX 2.9\tex/generic/pgf/modules\pgfm
odulematrix.code.tex"
File: pgfmodulematrix.code.tex 2019/08/03 v3.1.4b (3.1.4b)
\pgfmatrixcurrentrow=\count304
\pgfmatrixcurrentcolumn=\count305
\pgf@matrix@numberofcolumns=\count306
)
\tikz@expandcount=\count307

("C:\Users\denni\AppData\Local\Programs\MiKTeX 2.9\tex/generic/pgf/frontendlaye
r/tikz/libraries\tikzlibrarytopaths.code.tex"
File: tikzlibrarytopaths.code.tex 2019/08/03 v3.1.4b (3.1.4b)
)))
("C:\Users\denni\AppData\Local\Programs\MiKTeX 2.9\tex/latex/float\float.sty"
Package: float 2001/11/08 v1.3d Float enhancements (AL)
\c@float@type=\count308
\float@exts=\toks38
\float@box=\box69
\@float@everytoks=\toks39
\@floatcapt=\box70
)
("C:\Users\denni\AppData\Local\Programs\MiKTeX 2.9\tex/latex/wallpaper\wallpape
r.sty"
Package: wallpaper 2005/01/18, v1.01 easy wallpaper formatting (MHFW)

("C:\Users\denni\AppData\Local\Programs\MiKTeX 2.9\tex/latex/base\ifthen.sty"
Package: ifthen 2014/09/29 v1.1c Standard LaTeX ifthen package (DPC)
)
("C:\Users\denni\AppData\Local\Programs\MiKTeX 2.9\tex/latex/eso-pic\eso-pic.st
y"
Package: eso-pic 2018/04/12 v2.0h eso-pic (RN)

("C:\Users\denni\AppData\Local\Programs\MiKTeX 2.9\tex/generic/oberdiek\atbegsh
i.sty"
Package: atbegshi 2016/06/09 v1.18 At begin shipout hook (HO)

("C:\Users\denni\AppData\Local\Programs\MiKTeX 2.9\tex/generic/oberdiek\infware
rr.sty"
Package: infwarerr 2016/05/16 v1.4 Providing info/warning/error messages (HO)
)
("C:\Users\denni\AppData\Local\Programs\MiKTeX 2.9\tex/generic/oberdiek\ltxcmds
.sty"
Package: ltxcmds 2016/05/16 v1.23 LaTeX kernel commands for general use (HO)
)))
\wpXoffset=\skip73
\wpYoffset=\skip74
\tileXoffset=\skip75
\tileYoffset=\skip76
\tilewidth=\skip77
\tileheight=\skip78
\tileX=\skip79
\tileY=\skip80
)
("C:\Users\denni\AppData\Local\Programs\MiKTeX 2.9\tex/latex/colortbl\colortbl.
sty"
Package: colortbl 2018/12/12 v1.0d Color table columns (DPC)
\everycr=\toks40
\minrowclearance=\skip81
)
("C:\Users\denni\AppData\Local\Programs\MiKTeX 2.9\tex/latex/paracol\paracol.st
y"
Package: paracol 2018/12/31 v1.35 
\pcol@currcol=\count309
\pcol@nextcol=\count310
\pcol@ncol=\count311
\pcol@ncolleft=\count312
\pcol@page=\count313
\pcol@basepage=\count314
\pcol@toppage=\count315
\pcol@footnotebase=\count316
\pcol@nfootnotes=\count317
\pcol@mcid=\count318
\pcol@prevdepth=\dimen301
\pcol@colht=\dimen302
\pcol@textfloatsep=\dimen303
\pcol@lrmargin=\dimen304
\pagerim=\dimen305
\pcol@topskip=\skip82
\belowfootnoteskip=\skip83
\pcol@topfnotes=\box71
\pcol@prespan=\box72
\pcol@rightpage=\box73
\pcol@colorstack@saved=\box74
\pcol@tempboxa=\box75
\pcol@tempboxb=\box76
\pcol@colorins=\insert252
\pcol@everyvbox=\toks41
)
("C:\Users\denni\AppData\Local\Programs\MiKTeX 2.9\tex/latex/tkz-euclide\tkz-eu
clide.sty"
Package: tkz-euclide 2011/06/01 1.16 c for plots 2d 

("C:\Users\denni\AppData\Local\Programs\MiKTeX 2.9\tex/latex/tkz-base\tkz-base.
sty"
Package: tkz-base 2018/09/19 1.16 d tkz-base

("C:\Users\denni\AppData\Local\Programs\MiKTeX 2.9\tex/generic/pgf/frontendlaye
r/tikz/libraries\tikzlibrarycalc.code.tex"
File: tikzlibrarycalc.code.tex 2019/08/03 v3.1.4b (3.1.4b)
)
("C:\Users\denni\AppData\Local\Programs\MiKTeX 2.9\tex/generic/pgf/frontendlaye
r/tikz/libraries\tikzlibraryarrows.code.tex"
File: tikzlibraryarrows.code.tex 2019/08/03 v3.1.4b (3.1.4b)

("C:\Users\denni\AppData\Local\Programs\MiKTeX 2.9\tex/generic/pgf/libraries\pg
flibraryarrows.code.tex"
File: pgflibraryarrows.code.tex 2019/08/03 v3.1.4b (3.1.4b)
\arrowsize=\dimen306
))
("C:\Users\denni\AppData\Local\Programs\MiKTeX 2.9\tex/generic/pgf/frontendlaye
r/tikz/libraries\tikzlibraryplotmarks.code.tex"
File: tikzlibraryplotmarks.code.tex 2019/08/03 v3.1.4b (3.1.4b)

("C:\Users\denni\AppData\Local\Programs\MiKTeX 2.9\tex/generic/pgf/libraries\pg
flibraryplotmarks.code.tex"
File: pgflibraryplotmarks.code.tex 2019/08/03 v3.1.4b (3.1.4b)
))
("C:\Users\denni\AppData\Local\Programs\MiKTeX 2.9\tex/generic/pgf/frontendlaye
r/tikz/libraries\tikzlibrarypositioning.code.tex"
File: tikzlibrarypositioning.code.tex 2019/08/03 v3.1.4b (3.1.4b)
)
("C:\Users\denni\AppData\Local\Programs\MiKTeX 2.9\tex/generic/pgf/frontendlaye
r/tikz/libraries\tikzlibraryshapes.misc.code.tex"
File: tikzlibraryshapes.misc.code.tex 2019/08/03 v3.1.4b (3.1.4b)

("C:\Users\denni\AppData\Local\Programs\MiKTeX 2.9\tex/generic/pgf/libraries/sh
apes\pgflibraryshapes.misc.code.tex"
File: pgflibraryshapes.misc.code.tex 2019/08/03 v3.1.4b (3.1.4b)
))
("C:\Users\denni\AppData\Local\Programs\MiKTeX 2.9\tex/generic/pgf/frontendlaye
r/tikz/libraries\tikzlibrarydecorations.code.tex"
("C:\Users\denni\AppData\Local\Programs\MiKTeX 2.9\tex/generic/pgf/modules\pgfm
oduledecorations.code.tex"
\pgfdecoratedcompleteddistance=\dimen307
\pgfdecoratedremainingdistance=\dimen308
\pgfdecoratedinputsegmentcompleteddistance=\dimen309
\pgfdecoratedinputsegmentremainingdistance=\dimen310
\pgf@decorate@distancetomove=\dimen311
\pgf@decorate@repeatstate=\count319
\pgfdecorationsegmentamplitude=\dimen312
\pgfdecorationsegmentlength=\dimen313
)
\tikz@lib@dec@box=\box77
)
("C:\Users\denni\AppData\Local\Programs\MiKTeX 2.9\tex/generic/pgf/frontendlaye
r/tikz/libraries\tikzlibrarydecorations.markings.code.tex"
("C:\Users\denni\AppData\Local\Programs\MiKTeX 2.9\tex/generic/pgf/libraries/de
corations\pgflibrarydecorations.markings.code.tex"))
("C:\Users\denni\AppData\Local\Programs\MiKTeX 2.9\tex/generic/pgf/frontendlaye
r/tikz/libraries\tikzlibrarydecorations.pathreplacing.code.tex"
("C:\Users\denni\AppData\Local\Programs\MiKTeX 2.9\tex/generic/pgf/libraries/de
corations\pgflibrarydecorations.pathreplacing.code.tex"))
("C:\Users\denni\AppData\Local\Programs\MiKTeX 2.9\tex/generic/pgf/frontendlaye
r/tikz/libraries\tikzlibrarypatterns.code.tex"
File: tikzlibrarypatterns.code.tex 2019/08/03 v3.1.4b (3.1.4b)

("C:\Users\denni\AppData\Local\Programs\MiKTeX 2.9\tex/generic/pgf/libraries\pg
flibrarypatterns.code.tex"
File: pgflibrarypatterns.code.tex 2019/08/03 v3.1.4b (3.1.4b)
))
("C:\Users\denni\AppData\Local\Programs\MiKTeX 2.9\tex/latex/numprint\numprint.
sty"
Package: numprint 2012/08/20 v1.39 Print numbers (HH)
\c@nprt@mantissa@digitsbefore=\count320
\c@nprt@mantissa@digitsafter=\count321
\c@nprt@exponent@digitsbefore=\count322
\c@nprt@exponent@digitsafter=\count323
\nprt@digitwidth=\skip84
\nprt@sepwidth=\skip85
\nprt@decimalwidth=\skip86
\nprt@blockwidth=\skip87
\nprt@digittoks=\toks42
\nprt@pretoks=\toks43
\nprt@posttoks=\toks44
\nprt@thisdigit=\count324
\nprt@curpos=\count325
\nprt@rndpos=\count326
\c@nprt@digitsfirstblock=\count327
\c@nprt@blockcnt=\count328
\c@nprt@cntprint=\count329
 No configuration file `numprint.cfg' found.)
("C:\Users\denni\AppData\Local\Programs\MiKTeX 2.9\tex/latex/fp\fp.sty"
Package: fp 1995/04/02

`Fixed Point Package', Version 0.8, April 2, 1995 (C) Michael Mehlich
("C:\Users\denni\AppData\Local\Programs\MiKTeX 2.9\tex/latex/fp\defpattern.sty"
Package: defpattern 1994/10/12
\actioncount=\count330
) ("C:\Users\denni\AppData\Local\Programs\MiKTeX 2.9\tex/latex/fp\fp-basic.sty"
Package: fp-basic 1996/05/13
\FP@xs=\count331
\FP@xia=\count332
\FP@xib=\count333
\FP@xfa=\count334
\FP@xfb=\count335
\FP@rega=\count336
\FP@regb=\count337
\FP@regs=\count338
\FP@times=\count339
) ("C:\Users\denni\AppData\Local\Programs\MiKTeX 2.9\tex/latex/fp\fp-addons.sty
"
Package: fp-addons 1995/03/15
) ("C:\Users\denni\AppData\Local\Programs\MiKTeX 2.9\tex/latex/fp\fp-snap.sty"
Package: fp-snap 1995/04/05
) ("C:\Users\denni\AppData\Local\Programs\MiKTeX 2.9\tex/latex/fp\fp-exp.sty"
Package: fp-exp 1995/04/03
)
("C:\Users\denni\AppData\Local\Programs\MiKTeX 2.9\tex/latex/fp\fp-trigo.sty"
Package: fp-trigo 1995/04/14
)
("C:\Users\denni\AppData\Local\Programs\MiKTeX 2.9\tex/latex/fp\fp-pas.sty"
Package: fp-pas 1994/08/29
)
("C:\Users\denni\AppData\Local\Programs\MiKTeX 2.9\tex/latex/fp\fp-random.sty"
Package: fp-random 1995/02/23
\FPseed=\count340
) ("C:\Users\denni\AppData\Local\Programs\MiKTeX 2.9\tex/latex/fp\fp-eqn.sty"
Package: fp-eqn 1995/04/03
)
("C:\Users\denni\AppData\Local\Programs\MiKTeX 2.9\tex/latex/fp\fp-upn.sty"
Package: fp-upn 1996/10/21
)
("C:\Users\denni\AppData\Local\Programs\MiKTeX 2.9\tex/latex/fp\fp-eval.sty"
Package: fp-eval 1995/04/03
))
\tkzRadius=\dimen314
\tkzLength=\dimen315
\tkz@radi=\dimen316
\tkz@ax=\dimen317
\tkz@ay=\dimen318
\tkz@bx=\dimen319
\tkz@by=\dimen320
\tkz@cx=\dimen321
\tkz@cy=\dimen322
\tkz@dx=\dimen323
\tkz@dy=\dimen324

("C:\Users\denni\AppData\Local\Programs\MiKTeX 2.9\tex/latex/tkz-base\tkz-tools
-utilities.tex")
("C:\Users\denni\AppData\Local\Programs\MiKTeX 2.9\tex/latex/tkz-base\tkz-tools
-arith.tex"
File: tkz-tool-arith.tex tkz-tool-arith 1.161 d
)
("C:\Users\denni\AppData\Local\Programs\MiKTeX 2.9\tex/latex/tkz-base\tkz-tools
-base.tex")
("C:\Users\denni\AppData\Local\Programs\MiKTeX 2.9\tex/latex/tkz-base\tkz-tools
-misc.tex")
("C:\Users\denni\AppData\Local\Programs\MiKTeX 2.9\tex/latex/tkz-base\tkz-tools
-math.tex")
("C:\Users\denni\AppData\Local\Programs\MiKTeX 2.9\tex/latex/tkz-base\tkz-obj-p
oints.tex")
("C:\Users\denni\AppData\Local\Programs\MiKTeX 2.9\tex/latex/tkz-base\tkz-obj-s
egments.tex")
("C:\Users\denni\AppData\Local\Programs\MiKTeX 2.9\tex/latex/tkz-base\tkz-obj-m
arks.tex"
\tkz@cntmk=\count341
))
("C:\Users\denni\AppData\Local\Programs\MiKTeX 2.9\tex/latex/tkz-euclide\tkz-to
ols-intersections.tex")
("C:\Users\denni\AppData\Local\Programs\MiKTeX 2.9\tex/latex/tkz-euclide\tkz-to
ols-transformations.tex")
("C:\Users\denni\AppData\Local\Programs\MiKTeX 2.9\tex/latex/tkz-euclide\tkz-ob
j-lines.tex")
("C:\Users\denni\AppData\Local\Programs\MiKTeX 2.9\tex/latex/tkz-euclide\tkz-li
b-symbols.tex")
("C:\Users\denni\AppData\Local\Programs\MiKTeX 2.9\tex/latex/tkz-euclide\tkz-ob
j-circles.tex")
("C:\Users\denni\AppData\Local\Programs\MiKTeX 2.9\tex/latex/tkz-euclide\tkz-ob
j-addpoints.tex"))
("C:\Users\denni\AppData\Local\Programs\MiKTeX 2.9\tex/latex/tkz-euclide\tkz-ob
j-polygons.tex")
("C:\Users\denni\AppData\Local\Programs\MiKTeX 2.9\tex/latex/tkz-euclide\tkz-ob
j-vectors.tex")
("C:\Users\denni\AppData\Local\Programs\MiKTeX 2.9\tex/latex/tkz-euclide\tkz-ob
j-arcs.tex")
("C:\Users\denni\AppData\Local\Programs\MiKTeX 2.9\tex/latex/tkz-euclide\tkz-ob
j-sectors.tex")
("C:\Users\denni\AppData\Local\Programs\MiKTeX 2.9\tex/latex/tkz-euclide\tkz-ob
j-angles.tex")
("C:\Users\denni\AppData\Local\Programs\MiKTeX 2.9\tex/latex/tkz-euclide\tkz-ob
j-protractor.tex")
LaTeX Font Info:    Try loading font information for OT1+lmr on input line 142.


("C:\Users\denni\AppData\Local\Programs\MiKTeX 2.9\tex/latex/lm\ot1lmr.fd"
File: ot1lmr.fd 2009/10/30 v1.6 Font defs for Latin Modern
)
LaTeX Font Info:    Try loading font information for OML+lmm on input line 142.


("C:\Users\denni\AppData\Local\Programs\MiKTeX 2.9\tex/latex/lm\omllmm.fd"
File: omllmm.fd 2009/10/30 v1.6 Font defs for Latin Modern
)
LaTeX Font Info:    Try loading font information for OMS+lmsy on input line 142
.

("C:\Users\denni\AppData\Local\Programs\MiKTeX 2.9\tex/latex/lm\omslmsy.fd"
File: omslmsy.fd 2009/10/30 v1.6 Font defs for Latin Modern
)
LaTeX Font Info:    Try loading font information for OMX+lmex on input line 142
.

("C:\Users\denni\AppData\Local\Programs\MiKTeX 2.9\tex/latex/lm\omxlmex.fd"
File: omxlmex.fd 2009/10/30 v1.6 Font defs for Latin Modern
)
LaTeX Font Info:    External font `lmex10' loaded for size
(Font)              <10> on input line 142.
LaTeX Font Info:    External font `lmex10' loaded for size
(Font)              <7> on input line 142.
LaTeX Font Info:    External font `lmex10' loaded for size
(Font)              <5> on input line 142.
LaTeX Font Info:    Try loading font information for T1+lmtt on input line 142.


("C:\Users\denni\AppData\Local\Programs\MiKTeX 2.9\tex/latex/lm\t1lmtt.fd"
File: t1lmtt.fd 2009/10/30 v1.6 Font defs for Latin Modern
)
LaTeX Font Info:    Try loading font information for T1+lmss on input line 142.


("C:\Users\denni\AppData\Local\Programs\MiKTeX 2.9\tex/latex/lm\t1lmss.fd"
File: t1lmss.fd 2009/10/30 v1.6 Font defs for Latin Modern
)
LaTeX Font Info:    Try loading font information for T1+lmr on input line 142.

("C:\Users\denni\AppData\Local\Programs\MiKTeX 2.9\tex/latex/lm\t1lmr.fd"
File: t1lmr.fd 2009/10/30 v1.6 Font defs for Latin Modern
) )
Beginning to dump on file preamble.fmt
 (preloaded format=preamble 2019.10.17)
40212 strings of total length 800834
712002 memory locations dumped; current usage is 921&709219
36241 multiletter control sequences
\font\nullfont=nullfont
\font\OMX/cmex/m/n/10=cmex10
\font\tenln=line10
\font\tenlnw=linew10
\font\tencirc=lcircle10
\font\tencircw=lcirclew10
\font\OT1/cmr/m/n/5=cmr5
\font\OT1/cmr/m/n/7=cmr7
\font\OT1/cmr/m/n/10=cmr10
\font\OML/cmm/m/it/5=cmmi5
\font\OML/cmm/m/it/7=cmmi7
\font\OML/cmm/m/it/10=cmmi10
\font\OMS/cmsy/m/n/5=cmsy5
\font\OMS/cmsy/m/n/7=cmsy7
\font\OMS/cmsy/m/n/10=cmsy10
\font\T1/cmr/m/n/10=ecrm1000
\font\c__fp_exp_intarray=cmr10 at 0.00002pt
\font\c__fp_trig_intarray=cmr10 at 0.00003pt
\font\g__regex_charcode_intarray=cmr10 at 0.00005pt
\font\g__regex_catcode_intarray=cmr10 at 0.00006pt
\font\g__regex_balance_intarray=cmr10 at 0.00008pt
\font\g__regex_state_active_intarray=cmr10 at 0.00009pt
\font\g__regex_thread_state_intarray=cmr10 at 0.0001pt
\font\g__regex_submatch_prev_intarray=cmr10 at 0.00012pt
\font\g__regex_submatch_begin_intarray=cmr10 at 0.00014pt
\font\g__regex_submatch_end_intarray=cmr10 at 0.00015pt
\font\OT1/lmr/m/n/10=rm-lmr10
\font\OT1/lmr/m/n/7=rm-lmr7
\font\OT1/lmr/m/n/5=rm-lmr5
\font\OML/lmm/m/it/10=lmmi10
\font\OML/lmm/m/it/7=lmmi7
\font\OML/lmm/m/it/5=lmmi5
\font\OMS/lmsy/m/n/10=lmsy10
\font\OMS/lmsy/m/n/7=lmsy7
\font\OMS/lmsy/m/n/5=lmsy5
\font\OMX/lmex/m/n/5=lmex10
\font\T1/cmr/m/it/10=ecti1000
\font\T1/lmtt/m/n/10=ec-lmtt10
\font\T1/lmss/m/n/10=ec-lmss10
\font\T1/lmr/m/n/10=ec-lmr10
\font\T1/lmr/bx/n/10=ec-lmbx10
\font\T1/lmr/bx/it/10=ec-lmbxi10
\font\T1/lmr/bx/it/12=ec-lmbxi10 at 12.0pt
\font\T1/lmr/bx/it/14.4=ec-lmbxi10 at 14.4pt
\font\T1/lmr/bx/it/17.28=ec-lmbxi10 at 17.28pt
\font\T1/lmr/bx/it/24.88=ec-lmbxi10 at 24.88pt
\font\T1/lmr/bx/it/9=ec-lmbxi10 at 9.0pt
\font\T1/lmr/bx/it/8=ec-lmbxi10 at 8.0pt
\font\T1/lmr/bx/it/5=ec-lmbxi10 at 5.0pt
588032 words of font info for 48 preloaded fonts
1141 hyphenation exceptions
Hyphenation trie of length 370636 has 8628 ops out of 35111
  143 for language 80
  377 for language 79
  110 for language 78
  138 for language 77
  224 for language 76
  7 for language 75
  12 for language 74
  53 for language 73
  460 for language 70
  127 for language 69
  183 for language 68
  71 for language 67
  248 for language 66
  62 for language 65
  66 for language 64
  119 for language 62
  43 for language 61
  58 for language 60
  7 for language 59
  194 for language 58
  37 for language 57
  23 for language 53
  852 for language 52
  475 for language 51
  235 for language 50
  18 for language 49
  21 for language 48
  38 for language 47
  206 for language 44
  77 for language 43
  58 for language 42
  25 for language 41
  27 for language 40
  37 for language 38
  229 for language 37
  38 for language 36
  21 for language 35
  147 for language 34
  185 for language 33
  50 for language 30
  478 for language 29
  207 for language 28
  39 for language 27
  76 for language 26
  40 for language 25
  89 for language 24
  31 for language 23
  113 for language 20
  145 for language 19
  265 for language 18
  60 for language 17
  63 for language 16
  19 for language 15
  14 for language 14
  105 for language 13
  21 for language 11
  54 for language 10
  852 for language 9
  36 for language 7
  5 for language 6
  97 for language 2
  137 for language 1
  181 for language 0
0 words of pdfTeX memory
3 indirect objects
No pages of output.
PDF statistics:
 3 PDF objects out of 1000 (max. 8388607)
 0 named destinations out of 1000 (max. 500000)
 1 words of extra memory for PDF output out of 10000 (max. 10000000)

